<?xml version="1.0" encoding="UTF-8"?>
<testng-results skipped="0" failed="0" ignored="0" total="1" passed="1">
  <reporter-output>
  </reporter-output>
  <suite name="Default suite" duration-ms="41145" started-at="2021-06-06T21:14:14 IST" finished-at="2021-06-06T21:14:55 IST">
    <groups>
    </groups>
    <test name="Default test" duration-ms="41145" started-at="2021-06-06T21:14:14 IST" finished-at="2021-06-06T21:14:55 IST">
      <class name="Carmax.testcase.TC01_Register">
        <test-method status="PASS" signature="beforeSuite()[pri:0, instance:Carmax.testcase.TC01_Register@1a052a00]" name="beforeSuite" is-config="true" duration-ms="23" started-at="2021-06-06T21:14:14 IST" finished-at="2021-06-06T21:14:14 IST">
          <reporter-output>
          </reporter-output>
        </test-method> <!-- beforeSuite -->
        <test-method status="PASS" signature="event()[pri:0, instance:Carmax.testcase.TC01_Register@1a052a00]" name="event" is-config="true" duration-ms="0" started-at="2021-06-06T21:14:14 IST" finished-at="2021-06-06T21:14:14 IST">
          <reporter-output>
          </reporter-output>
        </test-method> <!-- event -->
        <test-method status="PASS" signature="beforeClass()[pri:0, instance:Carmax.testcase.TC01_Register@1a052a00]" name="beforeClass" is-config="true" duration-ms="1" started-at="2021-06-06T21:14:14 IST" finished-at="2021-06-06T21:14:14 IST">
          <reporter-output>
          </reporter-output>
        </test-method> <!-- beforeClass -->
        <test-method status="PASS" signature="beforeMethodClass()[pri:0, instance:Carmax.testcase.TC01_Register@1a052a00]" name="beforeMethodClass" is-config="true" duration-ms="3527" started-at="2021-06-06T21:14:14 IST" finished-at="2021-06-06T21:14:18 IST">
          <reporter-output>
          </reporter-output>
        </test-method> <!-- beforeMethodClass -->
        <test-method status="PASS" signature="Registration_Profile()[pri:0, instance:Carmax.testcase.TC01_Register@1a052a00]" name="Registration_Profile" duration-ms="37159" started-at="2021-06-06T21:14:18 IST" finished-at="2021-06-06T21:14:55 IST">
          <reporter-output>
          </reporter-output>
        </test-method> <!-- Registration_Profile -->
        <test-method status="PASS" signature="close()[pri:0, instance:Carmax.testcase.TC01_Register@1a052a00]" name="close" is-config="true" duration-ms="1" started-at="2021-06-06T21:14:55 IST" finished-at="2021-06-06T21:14:55 IST">
          <reporter-output>
          </reporter-output>
        </test-method> <!-- close -->
        <test-method status="PASS" signature="afterClass()[pri:0, instance:Carmax.testcase.TC01_Register@1a052a00]" name="afterClass" is-config="true" duration-ms="0" started-at="2021-06-06T21:14:55 IST" finished-at="2021-06-06T21:14:55 IST">
          <reporter-output>
          </reporter-output>
        </test-method> <!-- afterClass -->
        <test-method status="PASS" signature="afterSuite()[pri:0, instance:Carmax.testcase.TC01_Register@1a052a00]" name="afterSuite" is-config="true" duration-ms="1143" started-at="2021-06-06T21:14:55 IST" finished-at="2021-06-06T21:14:56 IST">
          <reporter-output>
          </reporter-output>
        </test-method> <!-- afterSuite -->
      </class> <!-- Carmax.testcase.TC01_Register -->
    </test> <!-- Default test -->
  </suite> <!-- Default suite -->
</testng-results>
